# JRE version: OpenJDK Runtime Environment (17.0.7) (build 17.0.7+0-b2043.56-10550314)
# Java VM: OpenJDK 64-Bit Server VM (17.0.7+0-b2043.56-10550314, mixed mode, tiered, compressed oops, compressed class ptrs, g1 gc, windows-amd64)
GC Precious Log:
 CPUs: 16 total, 16 available
 Memory: 32327M
 Large Page Support: Disabled
 NUMA Support: Disabled
 Compressed Oops: Enabled (32-bit)
 Heap Region Size: 1M
 Heap Min Capacity: 8M
 Heap Initial Capacity: 506M
 Heap Max Capacity: 2G
 Pre-touch: Disabled
 Parallel Workers: 13
 Concurrent Workers: 3
 Concurrent Refinement Workers: 13
 Periodic GC: Disabled
Heap:
 garbage-first heap   total 406528K, used 174809K [0x0000000080000000, 0x0000000100000000)
  region size 1024K, 11 young (11264K), 11 survivors (11264K)
 Metaspace       used 165440K, committed 167360K, reserved 1245184K
  class space    used 23204K, committed 24128K, reserved 1048576K
GC Heap History (20 events):
Event: 23155.586 GC heap after
{Heap after GC invocations=130 (full 3):
 garbage-first heap   total 406528K, used 150386K [0x0000000080000000, 0x0000000100000000)
  region size 1024K, 3 young (3072K), 3 survivors (3072K)
 Metaspace       used 164212K, committed 166208K, reserved 1245184K
  class space    used 23061K, committed 24064K, reserved 1048576K
}
Event: 23155.695 GC heap before
{Heap before GC invocations=130 (full 3):
 garbage-first heap   total 406528K, used 171890K [0x0000000080000000, 0x0000000100000000)
  region size 1024K, 26 young (26624K), 3 survivors (3072K)
 Metaspace       used 164239K, committed 166208K, reserved 1245184K
  class space    used 23061K, committed 24064K, reserved 1048576K
}
Event: 23155.699 GC heap after
{Heap after GC invocations=131 (full 3):
 garbage-first heap   total 406528K, used 150699K [0x0000000080000000, 0x0000000100000000)
  region size 1024K, 3 young (3072K), 3 survivors (3072K)
 Metaspace       used 164239K, committed 166208K, reserved 1245184K
  class space    used 23061K, committed 24064K, reserved 1048576K
}
Event: 23432.154 GC heap before
{Heap before GC invocations=132 (full 3):
 garbage-first heap   total 406528K, used 388267K [0x0000000080000000, 0x0000000100000000)
  region size 1024K, 122 young (124928K), 3 survivors (3072K)
 Metaspace       used 164632K, committed 166528K, reserved 1245184K
  class space    used 23124K, committed 24064K, reserved 1048576K
}
Event: 23432.162 GC heap after
{Heap after GC invocations=133 (full 3):
 garbage-first heap   total 406528K, used 150790K [0x0000000080000000, 0x0000000100000000)
  region size 1024K, 3 young (3072K), 3 survivors (3072K)
 Metaspace       used 164632K, committed 166528K, reserved 1245184K
  class space    used 23124K, committed 24064K, reserved 1048576K
}
Event: 23432.496 GC heap before
{Heap before GC invocations=133 (full 3):
 garbage-first heap   total 406528K, used 166150K [0x0000000080000000, 0x0000000100000000)
  region size 1024K, 19 young (19456K), 3 survivors (3072K)
 Metaspace       used 164632K, committed 166528K, reserved 1245184K
  class space    used 23124K, committed 24064K, reserved 1048576K
}
Event: 23432.512 GC heap after
{Heap after GC invocations=134 (full 3):
 garbage-first heap   total 406528K, used 152936K [0x0000000080000000, 0x0000000100000000)
  region size 1024K, 3 young (3072K), 3 survivors (3072K)
 Metaspace       used 164632K, committed 166528K, reserved 1245184K
  class space    used 23124K, committed 24064K, reserved 1048576K
}
Event: 23447.127 GC heap before
{Heap before GC invocations=134 (full 3):
 garbage-first heap   total 406528K, used 339304K [0x0000000080000000, 0x0000000100000000)
  region size 1024K, 186 young (190464K), 3 survivors (3072K)
 Metaspace       used 165153K, committed 167104K, reserved 1245184K
  class space    used 23197K, committed 24128K, reserved 1048576K
}
Event: 23447.154 GC heap after
{Heap after GC invocations=135 (full 3):
 garbage-first heap   total 406528K, used 166281K [0x0000000080000000, 0x0000000100000000)
  region size 1024K, 16 young (16384K), 16 survivors (16384K)
 Metaspace       used 165153K, committed 167104K, reserved 1245184K
  class space    used 23197K, committed 24128K, reserved 1048576K
}
Event: 23449.366 GC heap before
{Heap before GC invocations=136 (full 3):
 garbage-first heap   total 406528K, used 321929K [0x0000000080000000, 0x0000000100000000)
  region size 1024K, 181 young (185344K), 16 survivors (16384K)
 Metaspace       used 165240K, committed 167168K, reserved 1245184K
  class space    used 23193K, committed 24128K, reserved 1048576K
}
Event: 23449.398 GC heap after
{Heap after GC invocations=137 (full 3):
 garbage-first heap   total 406528K, used 168374K [0x0000000080000000, 0x0000000100000000)
  region size 1024K, 15 young (15360K), 15 survivors (15360K)
 Metaspace       used 165240K, committed 167168K, reserved 1245184K
  class space    used 23193K, committed 24128K, reserved 1048576K
}
Event: 23449.408 GC heap before
{Heap before GC invocations=137 (full 3):
 garbage-first heap   total 406528K, used 172470K [0x0000000080000000, 0x0000000100000000)
  region size 1024K, 19 young (19456K), 15 survivors (15360K)
 Metaspace       used 165240K, committed 167168K, reserved 1245184K
  class space    used 23193K, committed 24128K, reserved 1048576K
}
Event: 23449.423 GC heap after
{Heap after GC invocations=138 (full 3):
 garbage-first heap   total 406528K, used 162710K [0x0000000080000000, 0x0000000100000000)
  region size 1024K, 2 young (2048K), 2 survivors (2048K)
 Metaspace       used 165240K, committed 167168K, reserved 1245184K
  class space    used 23193K, committed 24128K, reserved 1048576K
}
Event: 23601.273 GC heap before
{Heap before GC invocations=138 (full 3):
 garbage-first heap   total 406528K, used 329622K [0x0000000080000000, 0x0000000100000000)
  region size 1024K, 166 young (169984K), 2 survivors (2048K)
 Metaspace       used 165279K, committed 167168K, reserved 1245184K
  class space    used 23194K, committed 24128K, reserved 1048576K
}
Event: 23601.289 GC heap after
{Heap after GC invocations=139 (full 3):
 garbage-first heap   total 406528K, used 165630K [0x0000000080000000, 0x0000000100000000)
  region size 1024K, 5 young (5120K), 5 survivors (5120K)
 Metaspace       used 165279K, committed 167168K, reserved 1245184K
  class space    used 23194K, committed 24128K, reserved 1048576K
}
Event: 23603.330 GC heap before
{Heap before GC invocations=140 (full 3):
 garbage-first heap   total 406528K, used 330494K [0x0000000080000000, 0x0000000100000000)
  region size 1024K, 170 young (174080K), 5 survivors (5120K)
 Metaspace       used 165381K, committed 167296K, reserved 1245184K
  class space    used 23200K, committed 24128K, reserved 1048576K
}
Event: 23603.348 GC heap after
{Heap after GC invocations=141 (full 3):
 garbage-first heap   total 406528K, used 176083K [0x0000000080000000, 0x0000000100000000)
  region size 1024K, 18 young (18432K), 18 survivors (18432K)
 Metaspace       used 165381K, committed 167296K, reserved 1245184K
  class space    used 23200K, committed 24128K, reserved 1048576K
}
Event: 23603.354 GC heap before
{Heap before GC invocations=141 (full 3):
 garbage-first heap   total 406528K, used 177107K [0x0000000080000000, 0x0000000100000000)
  region size 1024K, 19 young (19456K), 18 survivors (18432K)
 Metaspace       used 165381K, committed 167296K, reserved 1245184K
  class space    used 23200K, committed 24128K, reserved 1048576K
}
Event: 23603.379 GC heap after
{Heap after GC invocations=142 (full 3):
 garbage-first heap   total 406528K, used 165807K [0x0000000080000000, 0x0000000100000000)
  region size 1024K, 3 young (3072K), 3 survivors (3072K)
 Metaspace       used 165381K, committed 167296K, reserved 1245184K
  class space    used 23200K, committed 24128K, reserved 1048576K
}
Event: 23611.995 GC heap before
{Heap before GC invocations=142 (full 3):
 garbage-first heap   total 406528K, used 329647K [0x0000000080000000, 0x0000000100000000)
  region size 1024K, 164 young (167936K), 3 survivors (3072K)
 Metaspace       used 165440K, committed 167360K, reserved 1245184K
  class space    used 23204K, committed 24128K, reserved 1048576K
}

