# JRE version: OpenJDK Runtime Environment (17.0.7) (build 17.0.7+0-b2043.56-10550314)
# Java VM: OpenJDK 64-Bit Server VM (17.0.7+0-b2043.56-10550314, mixed mode, tiered, compressed oops, compressed class ptrs, g1 gc, windows-amd64)
GC Precious Log:
 CPUs: 16 total, 16 available
 Memory: 32327M
 Large Page Support: Disabled
 NUMA Support: Disabled
 Compressed Oops: Enabled (32-bit)
 Heap Region Size: 1M
 Heap Min Capacity: 8M
 Heap Initial Capacity: 506M
 Heap Max Capacity: 2G
 Pre-touch: Disabled
 Parallel Workers: 13
 Concurrent Workers: 3
 Concurrent Refinement Workers: 13
 Periodic GC: Disabled
Heap:
 garbage-first heap   total 129024K, used 58528K [0x0000000080000000, 0x0000000100000000)
  region size 1024K, 6 young (6144K), 6 survivors (6144K)
 Metaspace       used 70700K, committed 71168K, reserved 1114112K
  class space    used 9629K, committed 9856K, reserved 1048576K
GC Heap History (20 events):
Event: 8.490 GC heap after
{Heap after GC invocations=5 (full 0):
 garbage-first heap   total 75776K, used 22274K [0x0000000080000000, 0x0000000100000000)
  region size 1024K, 3 young (3072K), 3 survivors (3072K)
 Metaspace       used 26347K, committed 26688K, reserved 1114112K
  class space    used 3359K, committed 3520K, reserved 1048576K
}
Event: 8.522 GC heap before
{Heap before GC invocations=5 (full 0):
 garbage-first heap   total 75776K, used 23298K [0x0000000080000000, 0x0000000100000000)
  region size 1024K, 4 young (4096K), 3 survivors (3072K)
 Metaspace       used 26463K, committed 26752K, reserved 1114112K
  class space    used 3381K, committed 3520K, reserved 1048576K
}
Event: 8.526 GC heap after
{Heap after GC invocations=6 (full 0):
 garbage-first heap   total 75776K, used 22286K [0x0000000080000000, 0x0000000100000000)
  region size 1024K, 1 young (1024K), 1 survivors (1024K)
 Metaspace       used 26463K, committed 26752K, reserved 1114112K
  class space    used 3381K, committed 3520K, reserved 1048576K
}
Event: 9.554 GC heap before
{Heap before GC invocations=6 (full 0):
 garbage-first heap   total 75776K, used 53006K [0x0000000080000000, 0x0000000100000000)
  region size 1024K, 32 young (32768K), 1 survivors (1024K)
 Metaspace       used 30381K, committed 30656K, reserved 1114112K
  class space    used 4020K, committed 4160K, reserved 1048576K
}
Event: 9.558 GC heap after
{Heap after GC invocations=7 (full 0):
 garbage-first heap   total 75776K, used 24054K [0x0000000080000000, 0x0000000100000000)
  region size 1024K, 2 young (2048K), 2 survivors (2048K)
 Metaspace       used 30381K, committed 30656K, reserved 1114112K
  class space    used 4020K, committed 4160K, reserved 1048576K
}
Event: 10.693 GC heap before
{Heap before GC invocations=7 (full 0):
 garbage-first heap   total 75776K, used 54774K [0x0000000080000000, 0x0000000100000000)
  region size 1024K, 33 young (33792K), 2 survivors (2048K)
 Metaspace       used 34432K, committed 34752K, reserved 1114112K
  class space    used 4682K, committed 4864K, reserved 1048576K
}
Event: 10.699 GC heap after
{Heap after GC invocations=8 (full 0):
 garbage-first heap   total 75776K, used 25495K [0x0000000080000000, 0x0000000100000000)
  region size 1024K, 4 young (4096K), 4 survivors (4096K)
 Metaspace       used 34432K, committed 34752K, reserved 1114112K
  class space    used 4682K, committed 4864K, reserved 1048576K
}
Event: 11.005 GC heap before
{Heap before GC invocations=8 (full 0):
 garbage-first heap   total 75776K, used 35735K [0x0000000080000000, 0x0000000100000000)
  region size 1024K, 15 young (15360K), 4 survivors (4096K)
 Metaspace       used 35750K, committed 36096K, reserved 1114112K
  class space    used 4890K, committed 5056K, reserved 1048576K
}
Event: 11.011 GC heap after
{Heap after GC invocations=9 (full 0):
 garbage-first heap   total 75776K, used 25981K [0x0000000080000000, 0x0000000100000000)
  region size 1024K, 2 young (2048K), 2 survivors (2048K)
 Metaspace       used 35750K, committed 36096K, reserved 1114112K
  class space    used 4890K, committed 5056K, reserved 1048576K
}
Event: 12.271 GC heap before
{Heap before GC invocations=10 (full 0):
 garbage-first heap   total 75776K, used 58749K [0x0000000080000000, 0x0000000100000000)
  region size 1024K, 34 young (34816K), 2 survivors (2048K)
 Metaspace       used 42188K, committed 42560K, reserved 1114112K
  class space    used 5711K, committed 5888K, reserved 1048576K
}
Event: 12.282 GC heap after
{Heap after GC invocations=11 (full 0):
 garbage-first heap   total 296960K, used 28727K [0x0000000080000000, 0x0000000100000000)
  region size 1024K, 5 young (5120K), 5 survivors (5120K)
 Metaspace       used 42188K, committed 42560K, reserved 1114112K
  class space    used 5711K, committed 5888K, reserved 1048576K
}
Event: 12.546 GC heap before
{Heap before GC invocations=11 (full 0):
 garbage-first heap   total 296960K, used 36919K [0x0000000080000000, 0x0000000100000000)
  region size 1024K, 14 young (14336K), 5 survivors (5120K)
 Metaspace       used 43738K, committed 44096K, reserved 1114112K
  class space    used 5880K, committed 6080K, reserved 1048576K
}
Event: 12.556 GC heap after
{Heap after GC invocations=12 (full 0):
 garbage-first heap   total 296960K, used 30616K [0x0000000080000000, 0x0000000100000000)
  region size 1024K, 2 young (2048K), 2 survivors (2048K)
 Metaspace       used 43738K, committed 44096K, reserved 1114112K
  class space    used 5880K, committed 6080K, reserved 1048576K
}
Event: 16.520 GC heap before
{Heap before GC invocations=12 (full 0):
 garbage-first heap   total 296960K, used 183192K [0x0000000080000000, 0x0000000100000000)
  region size 1024K, 145 young (148480K), 2 survivors (2048K)
 Metaspace       used 59976K, committed 60480K, reserved 1114112K
  class space    used 8325K, committed 8576K, reserved 1048576K
}
Event: 16.532 GC heap after
{Heap after GC invocations=13 (full 0):
 garbage-first heap   total 296960K, used 36208K [0x0000000080000000, 0x0000000100000000)
  region size 1024K, 8 young (8192K), 8 survivors (8192K)
 Metaspace       used 59976K, committed 60480K, reserved 1114112K
  class space    used 8325K, committed 8576K, reserved 1048576K
}
Event: 17.985 GC heap before
{Heap before GC invocations=14 (full 0):
 garbage-first heap   total 126976K, used 110960K [0x0000000080000000, 0x0000000100000000)
  region size 1024K, 74 young (75776K), 8 survivors (8192K)
 Metaspace       used 66248K, committed 66816K, reserved 1114112K
  class space    used 9108K, committed 9344K, reserved 1048576K
}
Event: 18.002 GC heap after
{Heap after GC invocations=15 (full 0):
 garbage-first heap   total 129024K, used 53114K [0x0000000080000000, 0x0000000100000000)
  region size 1024K, 10 young (10240K), 10 survivors (10240K)
 Metaspace       used 66248K, committed 66816K, reserved 1114112K
  class space    used 9108K, committed 9344K, reserved 1048576K
}
Event: 18.022 GC heap before
{Heap before GC invocations=15 (full 0):
 garbage-first heap   total 129024K, used 54138K [0x0000000080000000, 0x0000000100000000)
  region size 1024K, 11 young (11264K), 10 survivors (10240K)
 Metaspace       used 66248K, committed 66816K, reserved 1114112K
  class space    used 9108K, committed 9344K, reserved 1048576K
}
Event: 18.034 GC heap after
{Heap after GC invocations=16 (full 0):
 garbage-first heap   total 129024K, used 54711K [0x0000000080000000, 0x0000000100000000)
  region size 1024K, 2 young (2048K), 2 survivors (2048K)
 Metaspace       used 66248K, committed 66816K, reserved 1114112K
  class space    used 9108K, committed 9344K, reserved 1048576K
}
Event: 19.338 GC heap before
{Heap before GC invocations=16 (full 0):
 garbage-first heap   total 129024K, used 105911K [0x0000000080000000, 0x0000000100000000)
  region size 1024K, 45 young (46080K), 2 survivors (2048K)
 Metaspace       used 70700K, committed 71168K, reserved 1114112K
  class space    used 9629K, committed 9856K, reserved 1048576K
}

